<?xml version="1.0" encoding="UTF-8"?>
<testsuite name="fsm.JaccardMeasureSpec" tests="1" skipped="0" failures="0" errors="0" timestamp="2018-02-03T07:17:01" hostname="bibek" time="0.014">
  <properties/>
  <testcase name="measurement" classname="fsm.JaccardMeasureSpec" time="0.014"/>
  <system-out><![CDATA[]]></system-out>
  <system-err><![CDATA[]]></system-err>
</testsuite>
